[ Episode 1 / Step 0 ]
# # # # # # # # # # 
# T B B H   F     # 
#                 # 
#                 # 
#                 # 
#                 # 
#                 # 
#                 # 
#                 # 
# # # # # # # # # # 
[ last/next direc: Direc.RIGHT/Direc.RIGHT ]

[ Episode 1 / Step 1 ]
# # # # # # # # # # 
#   T B B H F     # 
#                 # 
#                 # 
#                 # 
#                 # 
#                 # 
#                 # 
#                 # 
# # # # # # # # # # 
[ last/next direc: Direc.RIGHT/Direc.RIGHT ]

[ Episode 1 / Step 2 ]
# # # # # # # # # # 
#   T B B B H     # 
#                 # 
#                 # 
#                 # 
#                 # 
#                 # 
#         F       # 
#                 # 
# # # # # # # # # # 
[ last/next direc: Direc.RIGHT/Direc.RIGHT ]

[ Episode 1 / Step 3 ]
# # # # # # # # # # 
#     T B B B H   # 
#                 # 
#                 # 
#                 # 
#                 # 
#                 # 
#         F       # 
#                 # 
# # # # # # # # # # 
[ last/next direc: Direc.RIGHT/Direc.RIGHT ]

[ Episode 1 / Step 4 ]
# # # # # # # # # # 
#       T B B B H # 
#                 # 
#                 # 
#                 # 
#                 # 
#                 # 
#         F       # 
#                 # 
# # # # # # # # # # 
[ last/next direc: Direc.RIGHT/Direc.DOWN ]

[ Episode 1 / Step 5 ]
# # # # # # # # # # 
#         T B B B # 
#               H # 
#                 # 
#                 # 
#                 # 
#                 # 
#         F       # 
#                 # 
# # # # # # # # # # 
[ last/next direc: Direc.DOWN/Direc.DOWN ]

[ Episode 1 / Step 6 ]
# # # # # # # # # # 
#           T B B # 
#               B # 
#               H # 
#                 # 
#                 # 
#                 # 
#         F       # 
#                 # 
# # # # # # # # # # 
[ last/next direc: Direc.DOWN/Direc.DOWN ]

[ Episode 1 / Step 7 ]
# # # # # # # # # # 
#             T B # 
#               B # 
#               B # 
#               H # 
#                 # 
#                 # 
#         F       # 
#                 # 
# # # # # # # # # # 
[ last/next direc: Direc.DOWN/Direc.DOWN ]

[ Episode 1 / Step 8 ]
# # # # # # # # # # 
#               T # 
#               B # 
#               B # 
#               B # 
#               H # 
#                 # 
#         F       # 
#                 # 
# # # # # # # # # # 
[ last/next direc: Direc.DOWN/Direc.DOWN ]

[ Episode 1 / Step 9 ]
# # # # # # # # # # 
#                 # 
#               T # 
#               B # 
#               B # 
#               B # 
#               H # 
#         F       # 
#                 # 
# # # # # # # # # # 
[ last/next direc: Direc.DOWN/Direc.DOWN ]

[ Episode 1 / Step 10 ]
# # # # # # # # # # 
#                 # 
#                 # 
#               T # 
#               B # 
#               B # 
#               B # 
#         F     H # 
#                 # 
# # # # # # # # # # 
[ last/next direc: Direc.DOWN/Direc.DOWN ]

[ Episode 1 / Step 11 ]
# # # # # # # # # # 
#                 # 
#                 # 
#                 # 
#               T # 
#               B # 
#               B # 
#         F     B # 
#               H # 
# # # # # # # # # # 
[ last/next direc: Direc.DOWN/Direc.LEFT ]

[ Episode 1 / Step 12 ]
# # # # # # # # # # 
#                 # 
#                 # 
#                 # 
#                 # 
#               T # 
#               B # 
#         F     B # 
#             H B # 
# # # # # # # # # # 
[ last/next direc: Direc.LEFT/Direc.LEFT ]

[ Episode 1 / Step 13 ]
# # # # # # # # # # 
#                 # 
#                 # 
#                 # 
#                 # 
#                 # 
#               T # 
#         F     B # 
#           H B B # 
# # # # # # # # # # 
[ last/next direc: Direc.LEFT/Direc.LEFT ]

[ Episode 1 / Step 14 ]
# # # # # # # # # # 
#                 # 
#                 # 
#                 # 
#                 # 
#                 # 
#                 # 
#         F     T # 
#         H B B B # 
# # # # # # # # # # 
[ last/next direc: Direc.LEFT/Direc.UP ]

[ Episode 1 / Step 15 ]
# # # # # # # # # # 
#             F   # 
#                 # 
#                 # 
#                 # 
#                 # 
#                 # 
#         H     T # 
#         B B B B # 
# # # # # # # # # # 
[ last/next direc: Direc.UP/Direc.RIGHT ]

[ Episode 1 / Step 16 ]
# # # # # # # # # # 
#             F   # 
#                 # 
#                 # 
#                 # 
#                 # 
#                 # 
#         B H     # 
#         B B B T # 
# # # # # # # # # # 
[ last/next direc: Direc.RIGHT/Direc.RIGHT ]

[ Episode 1 / Step 17 ]
# # # # # # # # # # 
#             F   # 
#                 # 
#                 # 
#                 # 
#                 # 
#                 # 
#         B B H   # 
#         B B T   # 
# # # # # # # # # # 
[ last/next direc: Direc.RIGHT/Direc.UP ]

[ Episode 1 / Step 18 ]
# # # # # # # # # # 
#             F   # 
#                 # 
#                 # 
#                 # 
#                 # 
#             H   # 
#         B B B   # 
#         B T     # 
# # # # # # # # # # 
[ last/next direc: Direc.UP/Direc.UP ]

[ Episode 1 / Step 19 ]
# # # # # # # # # # 
#             F   # 
#                 # 
#                 # 
#                 # 
#             H   # 
#             B   # 
#         B B B   # 
#         T       # 
# # # # # # # # # # 
[ last/next direc: Direc.UP/Direc.UP ]

[ Episode 1 / Step 20 ]
# # # # # # # # # # 
#             F   # 
#                 # 
#                 # 
#             H   # 
#             B   # 
#             B   # 
#         T B B   # 
#                 # 
# # # # # # # # # # 
[ last/next direc: Direc.UP/Direc.UP ]

[ Episode 1 / Step 21 ]
# # # # # # # # # # 
#             F   # 
#                 # 
#             H   # 
#             B   # 
#             B   # 
#             B   # 
#           T B   # 
#                 # 
# # # # # # # # # # 
[ last/next direc: Direc.UP/Direc.UP ]

[ Episode 1 / Step 22 ]
# # # # # # # # # # 
#             F   # 
#             H   # 
#             B   # 
#             B   # 
#             B   # 
#             B   # 
#             T   # 
#                 # 
# # # # # # # # # # 
[ last/next direc: Direc.UP/Direc.UP ]

[ Episode 1 / Step 23 ]
# # # # # # # # # # 
#             H   # 
#             B   # 
#             B   # 
#             B   # 
#             B   # 
#             B   # 
#       F     T   # 
#                 # 
# # # # # # # # # # 
[ last/next direc: Direc.UP/Direc.RIGHT ]

[ Episode 1 / Step 24 ]
# # # # # # # # # # 
#             B H # 
#             B   # 
#             B   # 
#             B   # 
#             B   # 
#             T   # 
#       F         # 
#                 # 
# # # # # # # # # # 
[ last/next direc: Direc.RIGHT/Direc.DOWN ]

[ Episode 1 / Step 25 ]
# # # # # # # # # # 
#             B B # 
#             B H # 
#             B   # 
#             B   # 
#             T   # 
#                 # 
#       F         # 
#                 # 
# # # # # # # # # # 
[ last/next direc: Direc.DOWN/Direc.DOWN ]

[ Episode 1 / Step 26 ]
# # # # # # # # # # 
#             B B # 
#             B B # 
#             B H # 
#             T   # 
#                 # 
#                 # 
#       F         # 
#                 # 
# # # # # # # # # # 
[ last/next direc: Direc.DOWN/Direc.DOWN ]

[ Episode 1 / Step 27 ]
# # # # # # # # # # 
#             B B # 
#             B B # 
#             T B # 
#               H # 
#                 # 
#                 # 
#       F         # 
#                 # 
# # # # # # # # # # 
[ last/next direc: Direc.DOWN/Direc.DOWN ]

[ Episode 1 / Step 28 ]
# # # # # # # # # # 
#             B B # 
#             T B # 
#               B # 
#               B # 
#               H # 
#                 # 
#       F         # 
#                 # 
# # # # # # # # # # 
[ last/next direc: Direc.DOWN/Direc.DOWN ]

[ Episode 1 / Step 29 ]
# # # # # # # # # # 
#             T B # 
#               B # 
#               B # 
#               B # 
#               B # 
#               H # 
#       F         # 
#                 # 
# # # # # # # # # # 
[ last/next direc: Direc.DOWN/Direc.DOWN ]

[ Episode 1 / Step 30 ]
# # # # # # # # # # 
#               T # 
#               B # 
#               B # 
#               B # 
#               B # 
#               B # 
#       F       H # 
#                 # 
# # # # # # # # # # 
[ last/next direc: Direc.DOWN/Direc.DOWN ]

[ Episode 1 / Step 31 ]
# # # # # # # # # # 
#                 # 
#               T # 
#               B # 
#               B # 
#               B # 
#               B # 
#       F       B # 
#               H # 
# # # # # # # # # # 
[ last/next direc: Direc.DOWN/Direc.LEFT ]

[ Episode 1 / Step 32 ]
# # # # # # # # # # 
#                 # 
#                 # 
#               T # 
#               B # 
#               B # 
#               B # 
#       F       B # 
#             H B # 
# # # # # # # # # # 
[ last/next direc: Direc.LEFT/Direc.LEFT ]

[ Episode 1 / Step 33 ]
# # # # # # # # # # 
#                 # 
#                 # 
#                 # 
#               T # 
#               B # 
#               B # 
#       F       B # 
#           H B B # 
# # # # # # # # # # 
[ last/next direc: Direc.LEFT/Direc.LEFT ]

[ Episode 1 / Step 34 ]
# # # # # # # # # # 
#                 # 
#                 # 
#                 # 
#                 # 
#               T # 
#               B # 
#       F       B # 
#         H B B B # 
# # # # # # # # # # 
[ last/next direc: Direc.LEFT/Direc.LEFT ]

[ Episode 1 / Step 35 ]
# # # # # # # # # # 
#                 # 
#                 # 
#                 # 
#                 # 
#                 # 
#               T # 
#       F       B # 
#       H B B B B # 
# # # # # # # # # # 
[ last/next direc: Direc.LEFT/Direc.UP ]

[ Episode 1 / Step 36 ]
# # # # # # # # # # 
#                 # 
#                 # 
#                 # 
#   F             # 
#                 # 
#               T # 
#       H       B # 
#       B B B B B # 
# # # # # # # # # # 
[ last/next direc: Direc.UP/Direc.RIGHT ]

[ Episode 1 / Step 37 ]
# # # # # # # # # # 
#                 # 
#                 # 
#                 # 
#   F             # 
#                 # 
#                 # 
#       B H     T # 
#       B B B B B # 
# # # # # # # # # # 
[ last/next direc: Direc.RIGHT/Direc.RIGHT ]

[ Episode 1 / Step 38 ]
# # # # # # # # # # 
#                 # 
#                 # 
#                 # 
#   F             # 
#                 # 
#                 # 
#       B B H     # 
#       B B B B T # 
# # # # # # # # # # 
[ last/next direc: Direc.RIGHT/Direc.RIGHT ]

[ Episode 1 / Step 39 ]
# # # # # # # # # # 
#                 # 
#                 # 
#                 # 
#   F             # 
#                 # 
#                 # 
#       B B B H   # 
#       B B B T   # 
# # # # # # # # # # 
[ last/next direc: Direc.RIGHT/Direc.UP ]

[ Episode 1 / Step 40 ]
# # # # # # # # # # 
#                 # 
#                 # 
#                 # 
#   F             # 
#                 # 
#             H   # 
#       B B B B   # 
#       B B T     # 
# # # # # # # # # # 
[ last/next direc: Direc.UP/Direc.UP ]

[ Episode 1 / Step 41 ]
# # # # # # # # # # 
#                 # 
#                 # 
#                 # 
#   F             # 
#             H   # 
#             B   # 
#       B B B B   # 
#       B T       # 
# # # # # # # # # # 
[ last/next direc: Direc.UP/Direc.UP ]

[ Episode 1 / Step 42 ]
# # # # # # # # # # 
#                 # 
#                 # 
#                 # 
#   F         H   # 
#             B   # 
#             B   # 
#       B B B B   # 
#       T         # 
# # # # # # # # # # 
[ last/next direc: Direc.UP/Direc.UP ]

[ Episode 1 / Step 43 ]
# # # # # # # # # # 
#                 # 
#                 # 
#             H   # 
#   F         B   # 
#             B   # 
#             B   # 
#       T B B B   # 
#                 # 
# # # # # # # # # # 
[ last/next direc: Direc.UP/Direc.LEFT ]

[ Episode 1 / Step 44 ]
# # # # # # # # # # 
#                 # 
#                 # 
#           H B   # 
#   F         B   # 
#             B   # 
#             B   # 
#         T B B   # 
#                 # 
# # # # # # # # # # 
[ last/next direc: Direc.LEFT/Direc.DOWN ]

[ Episode 1 / Step 45 ]
# # # # # # # # # # 
#                 # 
#                 # 
#           B B   # 
#   F       H B   # 
#             B   # 
#             B   # 
#           T B   # 
#                 # 
# # # # # # # # # # 
[ last/next direc: Direc.DOWN/Direc.LEFT ]

[ Episode 1 / Step 46 ]
# # # # # # # # # # 
#                 # 
#                 # 
#           B B   # 
#   F     H B B   # 
#             B   # 
#             B   # 
#             T   # 
#                 # 
# # # # # # # # # # 
[ last/next direc: Direc.LEFT/Direc.LEFT ]

[ Episode 1 / Step 47 ]
# # # # # # # # # # 
#                 # 
#                 # 
#           B B   # 
#   F   H B B B   # 
#             B   # 
#             T   # 
#                 # 
#                 # 
# # # # # # # # # # 
[ last/next direc: Direc.LEFT/Direc.LEFT ]

[ Episode 1 / Step 48 ]
# # # # # # # # # # 
#                 # 
#                 # 
#           B B   # 
#   F H B B B B   # 
#             T   # 
#                 # 
#                 # 
#                 # 
# # # # # # # # # # 
[ last/next direc: Direc.LEFT/Direc.LEFT ]

[ Episode 1 / Step 49 ]
# # # # # # # # # # 
#                 # 
#                 # 
#           B B   # 
#   H B B B B B   # 
#             T   # 
#   F             # 
#                 # 
#                 # 
# # # # # # # # # # 
[ last/next direc: Direc.LEFT/Direc.DOWN ]

[ Episode 1 / Step 50 ]
# # # # # # # # # # 
#                 # 
#                 # 
#           B B   # 
#   B B B B B T   # 
#   H             # 
#   F             # 
#                 # 
#                 # 
# # # # # # # # # # 
[ last/next direc: Direc.DOWN/Direc.DOWN ]

[ Episode 1 / Step 51 ]
# # # # # # # # # # 
#                 # 
#           F     # 
#           B B   # 
#   B B B B B T   # 
#   B             # 
#   H             # 
#                 # 
#                 # 
# # # # # # # # # # 
[ last/next direc: Direc.DOWN/Direc.DOWN ]

[ Episode 1 / Step 52 ]
# # # # # # # # # # 
#                 # 
#           F     # 
#           B T   # 
#   B B B B B     # 
#   B             # 
#   B             # 
#   H             # 
#                 # 
# # # # # # # # # # 
[ last/next direc: Direc.DOWN/Direc.RIGHT ]

[ Episode 1 / Step 53 ]
# # # # # # # # # # 
#                 # 
#           F     # 
#           T     # 
#   B B B B B     # 
#   B             # 
#   B             # 
#   B H           # 
#                 # 
# # # # # # # # # # 
[ last/next direc: Direc.RIGHT/Direc.RIGHT ]

[ Episode 1 / Step 54 ]
# # # # # # # # # # 
#                 # 
#           F     # 
#                 # 
#   B B B B T     # 
#   B             # 
#   B             # 
#   B B H         # 
#                 # 
# # # # # # # # # # 
[ last/next direc: Direc.RIGHT/Direc.RIGHT ]

[ Episode 1 / Step 55 ]
# # # # # # # # # # 
#                 # 
#           F     # 
#                 # 
#   B B B T       # 
#   B             # 
#   B             # 
#   B B B H       # 
#                 # 
# # # # # # # # # # 
[ last/next direc: Direc.RIGHT/Direc.RIGHT ]

[ Episode 1 / Step 56 ]
# # # # # # # # # # 
#                 # 
#           F     # 
#                 # 
#   B B T         # 
#   B             # 
#   B             # 
#   B B B B H     # 
#                 # 
# # # # # # # # # # 
[ last/next direc: Direc.RIGHT/Direc.RIGHT ]

[ Episode 1 / Step 57 ]
# # # # # # # # # # 
#                 # 
#           F     # 
#                 # 
#   B T           # 
#   B             # 
#   B             # 
#   B B B B B H   # 
#                 # 
# # # # # # # # # # 
[ last/next direc: Direc.RIGHT/Direc.UP ]

[ Episode 1 / Step 58 ]
# # # # # # # # # # 
#                 # 
#           F     # 
#                 # 
#   T             # 
#   B             # 
#   B         H   # 
#   B B B B B B   # 
#                 # 
# # # # # # # # # # 
[ last/next direc: Direc.UP/Direc.UP ]

[ Episode 1 / Step 59 ]
# # # # # # # # # # 
#                 # 
#           F     # 
#                 # 
#                 # 
#   T         H   # 
#   B         B   # 
#   B B B B B B   # 
#                 # 
# # # # # # # # # # 
[ last/next direc: Direc.UP/Direc.UP ]

[ Episode 1 / Step 60 ]
# # # # # # # # # # 
#                 # 
#           F     # 
#                 # 
#             H   # 
#             B   # 
#   T         B   # 
#   B B B B B B   # 
#                 # 
# # # # # # # # # # 
[ last/next direc: Direc.UP/Direc.UP ]

[ Episode 1 / Step 61 ]
# # # # # # # # # # 
#                 # 
#           F     # 
#             H   # 
#             B   # 
#             B   # 
#             B   # 
#   T B B B B B   # 
#                 # 
# # # # # # # # # # 
[ last/next direc: Direc.UP/Direc.UP ]

[ Episode 1 / Step 62 ]
# # # # # # # # # # 
#                 # 
#           F H   # 
#             B   # 
#             B   # 
#             B   # 
#             B   # 
#     T B B B B   # 
#                 # 
# # # # # # # # # # 
[ last/next direc: Direc.UP/Direc.LEFT ]

[ Episode 1 / Step 63 ]
# # # # # # # # # # 
#           F     # 
#           H B   # 
#             B   # 
#             B   # 
#             B   # 
#             B   # 
#     T B B B B   # 
#                 # 
# # # # # # # # # # 
[ last/next direc: Direc.LEFT/Direc.UP ]

